{"/home/theking/Programacion/FullStack/frontend/src/components/Spinner.jsx": {"path":"/home/theking/Programacion/FullStack/frontend/src/components/Spinner.jsx","statementMap":{"0":{"start":{"line":4,"column":23},"end":{"line":6,"column":null}},"1":{"start":{"line":8,"column":22},"end":{"line":8,"column":null}},"2":{"start":{"line":10,"column":4},"end":{"line":11,"column":null}}},"fnMap":{"0":{"name":"Spinner","decl":{"start":{"line":3,"column":9},"end":{"line":3,"column":17}},"loc":{"start":{"line":3,"column":68},"end":{"line":11,"column":null}},"line":3}},"branchMap":{"0":{"loc":{"start":{"line":3,"column":19},"end":{"line":3,"column":37}},"type":"default-arg","locations":[{"start":{"line":3,"column":29},"end":{"line":3,"column":37}}],"line":3},"1":{"loc":{"start":{"line":3,"column":37},"end":{"line":3,"column":50}},"type":"default-arg","locations":[{"start":{"line":3,"column":44},"end":{"line":3,"column":50}}],"line":3},"2":{"loc":{"start":{"line":3,"column":50},"end":{"line":3,"column":68}},"type":"default-arg","locations":[{"start":{"line":3,"column":62},"end":{"line":3,"column":68}}],"line":3},"3":{"loc":{"start":{"line":4,"column":23},"end":{"line":6,"column":null}},"type":"cond-expr","locations":[{"start":{"line":5,"column":10},"end":{"line":5,"column":null}},{"start":{"line":6,"column":10},"end":{"line":6,"column":null}}],"line":4},"4":{"loc":{"start":{"line":8,"column":22},"end":{"line":8,"column":null}},"type":"cond-expr","locations":[{"start":{"line":8,"column":38},"end":{"line":8,"column":59}},{"start":{"line":8,"column":59},"end":{"line":8,"column":null}}],"line":8}},"s":{"0":7,"1":7,"2":7},"f":{"0":7},"b":{"0":[7],"1":[7],"2":[7],"3":[2,5],"4":[2,5]},"meta":{"lastBranch":5,"lastFunction":1,"lastStatement":3,"seen":{"f:3:9:3:17":0,"b:3:29:3:37":0,"b:3:44:3:50":1,"b:3:62:3:68":2,"s:4:23:6:Infinity":0,"b:5:10:5:Infinity:6:10:6:Infinity":3,"s:8:22:8:Infinity":1,"b:8:38:8:59:8:59:8:Infinity":4,"s:10:4:11:Infinity":2}}}
,"/home/theking/Programacion/FullStack/frontend/src/components/TaskCard.jsx": {"path":"/home/theking/Programacion/FullStack/frontend/src/components/TaskCard.jsx","statementMap":{"0":{"start":{"line":8,"column":22},"end":{"line":8,"column":51}},"1":{"start":{"line":9,"column":10},"end":{"line":9,"column":34}},"2":{"start":{"line":11,"column":10},"end":{"line":12,"column":null}},"3":{"start":{"line":12,"column":8},"end":{"line":12,"column":null}},"4":{"start":{"line":15,"column":25},"end":{"line":21,"column":null}},"5":{"start":{"line":16,"column":8},"end":{"line":16,"column":null}},"6":{"start":{"line":17,"column":30},"end":{"line":17,"column":90}},"7":{"start":{"line":18,"column":8},"end":{"line":18,"column":null}},"8":{"start":{"line":18,"column":28},"end":{"line":18,"column":null}},"9":{"start":{"line":20,"column":8},"end":{"line":20,"column":null}},"10":{"start":{"line":21,"column":8},"end":{"line":21,"column":null}},"11":{"start":{"line":24,"column":4},"end":{"line":62,"column":null}},"12":{"start":{"line":32,"column":28},"end":{"line":32,"column":null}},"13":{"start":{"line":33,"column":28},"end":{"line":33,"column":null}}},"fnMap":{"0":{"name":"TaskCard","decl":{"start":{"line":6,"column":9},"end":{"line":6,"column":18}},"loc":{"start":{"line":6,"column":69},"end":{"line":62,"column":null}},"line":6},"1":{"name":"(anonymous_1)","decl":{"start":{"line":11,"column":10},"end":{"line":11,"column":33}},"loc":{"start":{"line":11,"column":33},"end":{"line":12,"column":null}},"line":11},"2":{"name":"(anonymous_2)","decl":{"start":{"line":15,"column":25},"end":{"line":15,"column":32}},"loc":{"start":{"line":15,"column":42},"end":{"line":21,"column":null}},"line":15},"3":{"name":"(anonymous_3)","decl":{"start":{"line":31,"column":24},"end":{"line":31,"column":34}},"loc":{"start":{"line":31,"column":40},"end":{"line":33,"column":null}},"line":31}},"branchMap":{"0":{"loc":{"start":{"line":18,"column":8},"end":{"line":18,"column":null}},"type":"if","locations":[{"start":{"line":18,"column":8},"end":{"line":18,"column":null}},{"start":{},"end":{}}],"line":18},"1":{"loc":{"start":{"line":30,"column":119},"end":{"line":30,"column":null}},"type":"cond-expr","locations":[{"start":{"line":30,"column":131},"end":{"line":30,"column":167}},{"start":{"line":30,"column":167},"end":{"line":30,"column":null}}],"line":30},"2":{"loc":{"start":{"line":36,"column":25},"end":{"line":36,"column":null}},"type":"binary-expr","locations":[{"start":{"line":36,"column":25},"end":{"line":36,"column":38}},{"start":{"line":36,"column":38},"end":{"line":36,"column":null}}],"line":36},"3":{"loc":{"start":{"line":38,"column":62},"end":{"line":38,"column":null}},"type":"cond-expr","locations":[{"start":{"line":38,"column":74},"end":{"line":38,"column":93}},{"start":{"line":38,"column":93},"end":{"line":38,"column":null}}],"line":38},"4":{"loc":{"start":{"line":39,"column":25},"end":{"line":39,"column":null}},"type":"cond-expr","locations":[{"start":{"line":39,"column":37},"end":{"line":39,"column":51}},{"start":{"line":39,"column":51},"end":{"line":39,"column":null}}],"line":39},"5":{"loc":{"start":{"line":44,"column":83},"end":{"line":44,"column":119}},"type":"binary-expr","locations":[{"start":{"line":44,"column":83},"end":{"line":44,"column":98}},{"start":{"line":44,"column":98},"end":{"line":44,"column":119}}],"line":44},"6":{"loc":{"start":{"line":49,"column":49},"end":{"line":49,"column":120}},"type":"cond-expr","locations":[{"start":{"line":49,"column":62},"end":{"line":49,"column":103}},{"start":{"line":49,"column":106},"end":{"line":49,"column":120}}],"line":49}},"s":{"0":9,"1":9,"2":9,"3":0,"4":9,"5":2,"6":2,"7":2,"8":1,"9":1,"10":1,"11":9,"12":1,"13":1},"f":{"0":9,"1":0,"2":2,"3":1},"b":{"0":[1,1],"1":[1,8],"2":[9,1],"3":[1,8],"4":[1,8],"5":[9,1],"6":[8,1]},"meta":{"lastBranch":7,"lastFunction":4,"lastStatement":14,"seen":{"f:6:9:6:18":0,"s:8:22:8:51":0,"s:9:10:9:34":1,"s:11:10:12:Infinity":2,"f:11:10:11:33":1,"s:12:8:12:Infinity":3,"s:15:25:21:Infinity":4,"f:15:25:15:32":2,"s:16:8:16:Infinity":5,"s:17:30:17:90":6,"b:18:8:18:Infinity:undefined:undefined:undefined:undefined":0,"s:18:8:18:Infinity":7,"s:18:28:18:Infinity":8,"s:20:8:20:Infinity":9,"s:21:8:21:Infinity":10,"s:24:4:62:Infinity":11,"b:30:131:30:167:30:167:30:Infinity":1,"f:31:24:31:34":3,"s:32:28:32:Infinity":12,"s:33:28:33:Infinity":13,"b:36:25:36:38:36:38:36:Infinity":2,"b:38:74:38:93:38:93:38:Infinity":3,"b:39:37:39:51:39:51:39:Infinity":4,"b:44:83:44:98:44:98:44:119":5,"b:49:62:49:103:49:106:49:120":6}}}
,"/home/theking/Programacion/FullStack/frontend/src/utils/schema.jsx": {"path":"/home/theking/Programacion/FullStack/frontend/src/utils/schema.jsx","statementMap":{"0":{"start":{"line":5,"column":6},"end":{"line":16,"column":null}},"1":{"start":{"line":6,"column":32},"end":{"line":6,"column":34}},"2":{"start":{"line":8,"column":4},"end":{"line":8,"column":null}},"3":{"start":{"line":8,"column":29},"end":{"line":8,"column":null}},"4":{"start":{"line":9,"column":4},"end":{"line":9,"column":null}},"5":{"start":{"line":9,"column":33},"end":{"line":9,"column":null}},"6":{"start":{"line":10,"column":4},"end":{"line":10,"column":null}},"7":{"start":{"line":10,"column":33},"end":{"line":10,"column":null}},"8":{"start":{"line":11,"column":4},"end":{"line":11,"column":null}},"9":{"start":{"line":11,"column":33},"end":{"line":11,"column":null}},"10":{"start":{"line":12,"column":4},"end":{"line":12,"column":null}},"11":{"start":{"line":12,"column":50},"end":{"line":12,"column":null}},"12":{"start":{"line":14,"column":4},"end":{"line":14,"column":null}},"13":{"start":{"line":14,"column":42},"end":{"line":14,"column":null}},"14":{"start":{"line":16,"column":4},"end":{"line":16,"column":null}},"15":{"start":{"line":19,"column":30},"end":{"line":35,"column":2}},"16":{"start":{"line":23,"column":30},"end":{"line":23,"column":68}},"17":{"start":{"line":24,"column":8},"end":{"line":28,"column":null}},"18":{"start":{"line":25,"column":12},"end":{"line":28,"column":null}},"19":{"start":{"line":32,"column":20},"end":{"line":32,"column":60}},"20":{"start":{"line":37,"column":27},"end":{"line":48,"column":2}},"21":{"start":{"line":40,"column":30},"end":{"line":40,"column":68}},"22":{"start":{"line":41,"column":8},"end":{"line":45,"column":null}},"23":{"start":{"line":42,"column":12},"end":{"line":45,"column":null}},"24":{"start":{"line":50,"column":26},"end":{"line":53,"column":2}}},"fnMap":{"0":{"name":"(anonymous_0)","decl":{"start":{"line":5,"column":6},"end":{"line":5,"column":38}},"loc":{"start":{"line":5,"column":51},"end":{"line":16,"column":null}},"line":5},"1":{"name":"(anonymous_1)","decl":{"start":{"line":22,"column":25},"end":{"line":22,"column":38}},"loc":{"start":{"line":22,"column":60},"end":{"line":30,"column":null}},"line":22},"2":{"name":"(anonymous_2)","decl":{"start":{"line":32,"column":3},"end":{"line":32,"column":11}},"loc":{"start":{"line":32,"column":20},"end":{"line":32,"column":60}},"line":32},"3":{"name":"(anonymous_3)","decl":{"start":{"line":39,"column":25},"end":{"line":39,"column":38}},"loc":{"start":{"line":39,"column":60},"end":{"line":45,"column":null}},"line":39}},"branchMap":{"0":{"loc":{"start":{"line":8,"column":4},"end":{"line":8,"column":null}},"type":"if","locations":[{"start":{"line":8,"column":4},"end":{"line":8,"column":null}},{"start":{},"end":{}}],"line":8},"1":{"loc":{"start":{"line":9,"column":4},"end":{"line":9,"column":null}},"type":"if","locations":[{"start":{"line":9,"column":4},"end":{"line":9,"column":null}},{"start":{},"end":{}}],"line":9},"2":{"loc":{"start":{"line":10,"column":4},"end":{"line":10,"column":null}},"type":"if","locations":[{"start":{"line":10,"column":4},"end":{"line":10,"column":null}},{"start":{},"end":{}}],"line":10},"3":{"loc":{"start":{"line":11,"column":4},"end":{"line":11,"column":null}},"type":"if","locations":[{"start":{"line":11,"column":4},"end":{"line":11,"column":null}},{"start":{},"end":{}}],"line":11},"4":{"loc":{"start":{"line":12,"column":4},"end":{"line":12,"column":null}},"type":"if","locations":[{"start":{"line":12,"column":4},"end":{"line":12,"column":null}},{"start":{},"end":{}}],"line":12},"5":{"loc":{"start":{"line":14,"column":4},"end":{"line":14,"column":null}},"type":"if","locations":[{"start":{"line":14,"column":4},"end":{"line":14,"column":null}},{"start":{},"end":{}}],"line":14},"6":{"loc":{"start":{"line":24,"column":8},"end":{"line":28,"column":null}},"type":"if","locations":[{"start":{"line":24,"column":8},"end":{"line":28,"column":null}},{"start":{},"end":{}}],"line":24},"7":{"loc":{"start":{"line":41,"column":8},"end":{"line":45,"column":null}},"type":"if","locations":[{"start":{"line":41,"column":8},"end":{"line":45,"column":null}},{"start":{},"end":{}}],"line":41}},"s":{"0":1,"1":11,"2":11,"3":1,"4":11,"5":1,"6":11,"7":2,"8":11,"9":2,"10":11,"11":2,"12":11,"13":6,"14":5,"15":1,"16":8,"17":8,"18":4,"19":8,"20":1,"21":3,"22":3,"23":1,"24":1},"f":{"0":11,"1":8,"2":8,"3":3},"b":{"0":[1,10],"1":[1,10],"2":[2,9],"3":[2,9],"4":[2,9],"5":[6,5],"6":[4,4],"7":[1,2]},"meta":{"lastBranch":8,"lastFunction":4,"lastStatement":25,"seen":{"s:5:6:16:Infinity":0,"f:5:6:5:38":0,"s:6:32:6:34":1,"b:8:4:8:Infinity:undefined:undefined:undefined:undefined":0,"s:8:4:8:Infinity":2,"s:8:29:8:Infinity":3,"b:9:4:9:Infinity:undefined:undefined:undefined:undefined":1,"s:9:4:9:Infinity":4,"s:9:33:9:Infinity":5,"b:10:4:10:Infinity:undefined:undefined:undefined:undefined":2,"s:10:4:10:Infinity":6,"s:10:33:10:Infinity":7,"b:11:4:11:Infinity:undefined:undefined:undefined:undefined":3,"s:11:4:11:Infinity":8,"s:11:33:11:Infinity":9,"b:12:4:12:Infinity:undefined:undefined:undefined:undefined":4,"s:12:4:12:Infinity":10,"s:12:50:12:Infinity":11,"b:14:4:14:Infinity:undefined:undefined:undefined:undefined":5,"s:14:4:14:Infinity":12,"s:14:42:14:Infinity":13,"s:16:4:16:Infinity":14,"s:19:30:35:2":15,"f:22:25:22:38":1,"s:23:30:23:68":16,"b:24:8:28:Infinity:undefined:undefined:undefined:undefined":6,"s:24:8:28:Infinity":17,"s:25:12:28:Infinity":18,"f:32:3:32:11":2,"s:32:20:32:60":19,"s:37:27:48:2":20,"f:39:25:39:38":3,"s:40:30:40:68":21,"b:41:8:45:Infinity:undefined:undefined:undefined:undefined":7,"s:41:8:45:Infinity":22,"s:42:12:45:Infinity":23,"s:50:26:53:2":24}}}
}
