TN:
SF:src/components/Spinner.jsx
FN:3,Spinner
FNF:1
FNH:1
FNDA:7,Spinner
DA:4,7
DA:8,7
DA:10,7
LF:3
LH:3
BRDA:3,0,0,7
BRDA:3,1,0,7
BRDA:3,2,0,7
BRDA:4,3,0,2
BRDA:4,3,1,5
BRDA:8,4,0,2
BRDA:8,4,1,5
BRF:7
BRH:7
end_of_record
TN:
SF:src/components/TaskCard.jsx
FN:6,TaskCard
FN:11,(anonymous_1)
FN:15,(anonymous_2)
FN:31,(anonymous_3)
FNF:4
FNH:3
FNDA:9,TaskCard
FNDA:0,(anonymous_1)
FNDA:2,(anonymous_2)
FNDA:1,(anonymous_3)
DA:8,9
DA:9,9
DA:11,9
DA:12,0
DA:15,9
DA:16,2
DA:17,2
DA:18,2
DA:20,1
DA:21,1
DA:24,9
DA:32,1
DA:33,1
LF:13
LH:12
BRDA:18,0,0,1
BRDA:18,0,1,1
BRDA:30,1,0,1
BRDA:30,1,1,8
BRDA:36,2,0,9
BRDA:36,2,1,1
BRDA:38,3,0,1
BRDA:38,3,1,8
BRDA:39,4,0,1
BRDA:39,4,1,8
BRDA:44,5,0,9
BRDA:44,5,1,1
BRDA:49,6,0,8
BRDA:49,6,1,1
BRF:14
BRH:14
end_of_record
TN:
SF:src/utils/schema.jsx
FN:5,(anonymous_0)
FN:22,(anonymous_1)
FN:32,(anonymous_2)
FN:39,(anonymous_3)
FNF:4
FNH:4
FNDA:11,(anonymous_0)
FNDA:8,(anonymous_1)
FNDA:8,(anonymous_2)
FNDA:3,(anonymous_3)
DA:5,1
DA:6,11
DA:8,11
DA:9,11
DA:10,11
DA:11,11
DA:12,11
DA:14,11
DA:16,5
DA:19,1
DA:23,8
DA:24,8
DA:25,4
DA:32,8
DA:37,1
DA:40,3
DA:41,3
DA:42,1
DA:50,1
LF:19
LH:19
BRDA:8,0,0,1
BRDA:8,0,1,10
BRDA:9,1,0,1
BRDA:9,1,1,10
BRDA:10,2,0,2
BRDA:10,2,1,9
BRDA:11,3,0,2
BRDA:11,3,1,9
BRDA:12,4,0,2
BRDA:12,4,1,9
BRDA:14,5,0,6
BRDA:14,5,1,5
BRDA:24,6,0,4
BRDA:24,6,1,4
BRDA:41,7,0,1
BRDA:41,7,1,2
BRF:16
BRH:16
end_of_record
